  Window.cpp
e:\fit2096 - assignment 2b\fit2049 - week 4\gameconstants.h(18): warning C4305: 'initializing': truncation from 'double' to 'const float'
e:\fit2096 - assignment 2b\fit2049 - week 4\gameconstants.h(21): warning C4305: 'initializing': truncation from 'double' to 'const float'
e:\fit2096 - assignment 2b\fit2049 - week 4\gameconstants.h(22): warning C4305: 'initializing': truncation from 'double' to 'const float'
e:\fit2096 - assignment 2b\fit2049 - week 4\gameconstants.h(23): warning C4305: 'initializing': truncation from 'double' to 'const float'
e:\fit2096 - assignment 2b\fit2049 - week 4\collisionmanager.h(6): fatal error C1083: Cannot open include file: 'Kart.h': No such file or directory
  Tile.cpp
e:\fit2096 - assignment 2b\fit2049 - week 4\gameconstants.h(18): warning C4305: 'initializing': truncation from 'double' to 'const float'
e:\fit2096 - assignment 2b\fit2049 - week 4\gameconstants.h(21): warning C4305: 'initializing': truncation from 'double' to 'const float'
e:\fit2096 - assignment 2b\fit2049 - week 4\gameconstants.h(22): warning C4305: 'initializing': truncation from 'double' to 'const float'
e:\fit2096 - assignment 2b\fit2049 - week 4\gameconstants.h(23): warning C4305: 'initializing': truncation from 'double' to 'const float'
e:\fit2096 - assignment 2b\fit2049 - week 4\collisionmanager.h(6): fatal error C1083: Cannot open include file: 'Kart.h': No such file or directory
  TextureManager.cpp
  TexturedShader.cpp
  Texture.cpp
  Shader.cpp
  Player.cpp
e:\fit2096 - assignment 2b\fit2049 - week 4\gameconstants.h(18): warning C4305: 'initializing': truncation from 'double' to 'const float'
e:\fit2096 - assignment 2b\fit2049 - week 4\gameconstants.h(21): warning C4305: 'initializing': truncation from 'double' to 'const float'
e:\fit2096 - assignment 2b\fit2049 - week 4\gameconstants.h(22): warning C4305: 'initializing': truncation from 'double' to 'const float'
e:\fit2096 - assignment 2b\fit2049 - week 4\gameconstants.h(23): warning C4305: 'initializing': truncation from 'double' to 'const float'
e:\fit2096 - assignment 2b\fit2049 - week 4\collisionmanager.h(6): fatal error C1083: Cannot open include file: 'Kart.h': No such file or directory
  MeshManager.cpp
  Mesh.cpp
  Main.cpp
e:\fit2096 - assignment 2b\fit2049 - week 4\gameconstants.h(18): warning C4305: 'initializing': truncation from 'double' to 'const float'
e:\fit2096 - assignment 2b\fit2049 - week 4\gameconstants.h(21): warning C4305: 'initializing': truncation from 'double' to 'const float'
e:\fit2096 - assignment 2b\fit2049 - week 4\gameconstants.h(22): warning C4305: 'initializing': truncation from 'double' to 'const float'
e:\fit2096 - assignment 2b\fit2049 - week 4\gameconstants.h(23): warning C4305: 'initializing': truncation from 'double' to 'const float'
e:\fit2096 - assignment 2b\fit2049 - week 4\collisionmanager.h(6): fatal error C1083: Cannot open include file: 'Kart.h': No such file or directory
  InputController.cpp
  GameState.cpp
e:\fit2096 - assignment 2b\fit2049 - week 4\gameconstants.h(18): warning C4305: 'initializing': truncation from 'double' to 'const float'
e:\fit2096 - assignment 2b\fit2049 - week 4\gameconstants.h(21): warning C4305: 'initializing': truncation from 'double' to 'const float'
e:\fit2096 - assignment 2b\fit2049 - week 4\gameconstants.h(22): warning C4305: 'initializing': truncation from 'double' to 'const float'
e:\fit2096 - assignment 2b\fit2049 - week 4\gameconstants.h(23): warning C4305: 'initializing': truncation from 'double' to 'const float'
  GameObject.cpp
  GameConstants.cpp
  Game.cpp
e:\fit2096 - assignment 2b\fit2049 - week 4\gameconstants.h(18): warning C4305: 'initializing': truncation from 'double' to 'const float'
e:\fit2096 - assignment 2b\fit2049 - week 4\gameconstants.h(21): warning C4305: 'initializing': truncation from 'double' to 'const float'
e:\fit2096 - assignment 2b\fit2049 - week 4\gameconstants.h(22): warning C4305: 'initializing': truncation from 'double' to 'const float'
e:\fit2096 - assignment 2b\fit2049 - week 4\gameconstants.h(23): warning C4305: 'initializing': truncation from 'double' to 'const float'
e:\fit2096 - assignment 2b\fit2049 - week 4\collisionmanager.h(6): fatal error C1083: Cannot open include file: 'Kart.h': No such file or directory
  FirstPersonCamera.cpp
e:\fit2096 - assignment 2b\fit2049 - week 4\firstpersoncamera.cpp(10): warning C4305: 'argument': truncation from 'double' to 'float'
  Direct3D.cpp
  Collisions.cpp
e:\fit2096 - assignment 2b\fit2049 - week 4\collisions.cpp(147): warning C4244: 'initializing': conversion from 'double' to 'float', possible loss of data
  CollisionManager.cpp
e:\fit2096 - assignment 2b\fit2049 - week 4\collisionmanager.h(6): fatal error C1083: Cannot open include file: 'Kart.h': No such file or directory
  Character.cpp
e:\fit2096 - assignment 2b\fit2049 - week 4\gameconstants.h(18): warning C4305: 'initializing': truncation from 'double' to 'const float'
e:\fit2096 - assignment 2b\fit2049 - week 4\gameconstants.h(21): warning C4305: 'initializing': truncation from 'double' to 'const float'
e:\fit2096 - assignment 2b\fit2049 - week 4\gameconstants.h(22): warning C4305: 'initializing': truncation from 'double' to 'const float'
e:\fit2096 - assignment 2b\fit2049 - week 4\gameconstants.h(23): warning C4305: 'initializing': truncation from 'double' to 'const float'
  Generating Code...
  Compiling...
  Camera.cpp
e:\fit2096 - assignment 2b\fit2049 - week 4\camera.cpp(17): warning C4305: '=': truncation from 'double' to 'float'
  Bullet.cpp
e:\fit2096 - assignment 2b\fit2049 - week 4\gameconstants.h(18): warning C4305: 'initializing': truncation from 'double' to 'const float'
e:\fit2096 - assignment 2b\fit2049 - week 4\gameconstants.h(21): warning C4305: 'initializing': truncation from 'double' to 'const float'
e:\fit2096 - assignment 2b\fit2049 - week 4\gameconstants.h(22): warning C4305: 'initializing': truncation from 'double' to 'const float'
e:\fit2096 - assignment 2b\fit2049 - week 4\gameconstants.h(23): warning C4305: 'initializing': truncation from 'double' to 'const float'
e:\fit2096 - assignment 2b\fit2049 - week 4\collisionmanager.h(6): fatal error C1083: Cannot open include file: 'Kart.h': No such file or directory
  AudioSystem.cpp
  AudioClip.cpp
  Generating Code...
